<?xml version="1.0" encoding="UTF-8"?>
<robot generator="Robot 6.0.2 (Python 3.9.6 on darwin)" generated="20230322 14:15:30.445" rpa="false" schemaversion="3">
<suite id="s1" name="HomePageTest" source="/Users/roselyncaintoy/PycharmProjects/WebTesting/testcases/HomePageTest.robot">
<test id="s1-t1" name="Verify Home Page" line="9">
<kw name="Open Browser" library="HomePageResource">
<arg>${URL}</arg>
<arg>${driver}</arg>
<kw name="Open Browser" library="HomePageResource">
<arg>${URL}</arg>
<arg>${driver}</arg>
<kw name="Open Browser" library="HomePageResource">
<arg>${URL}</arg>
<arg>${driver}</arg>
<kw name="Open Browser" library="HomePageResource">
<arg>${URL}</arg>
<arg>${driver}</arg>
<kw name="Open Browser" library="HomePageResource">
<arg>${URL}</arg>
<arg>${driver}</arg>
<kw name="Open Browser" library="HomePageResource">
<arg>${URL}</arg>
<arg>${driver}</arg>
<kw name="Open Browser" library="HomePageResource">
<arg>${URL}</arg>
<arg>${driver}</arg>
<kw name="Open Browser" library="HomePageResource">
<arg>${URL}</arg>
<arg>${driver}</arg>
<kw name="Open Browser" library="HomePageResource">
<arg>${URL}</arg>
<arg>${driver}</arg>
<kw name="Open Browser" library="HomePageResource">
<arg>${URL}</arg>
<arg>${driver}</arg>
<kw name="Open Browser" library="HomePageResource">
<arg>${URL}</arg>
<arg>${driver}</arg>
<kw name="Open Browser" library="HomePageResource">
<arg>${URL}</arg>
<arg>${driver}</arg>
<kw name="Open Browser" library="HomePageResource">
<arg>${URL}</arg>
<arg>${driver}</arg>
<kw name="Open Browser" library="HomePageResource">
<arg>${URL}</arg>
<arg>${driver}</arg>
<kw name="Open Browser" library="HomePageResource">
<arg>${URL}</arg>
<arg>${driver}</arg>
<kw name="Open Browser" library="HomePageResource">
<arg>${URL}</arg>
<arg>${driver}</arg>
<kw name="Open Browser" library="HomePageResource">
<arg>${URL}</arg>
<arg>${driver}</arg>
<kw name="Open Browser" library="HomePageResource">
<arg>${URL}</arg>
<arg>${driver}</arg>
<kw name="Open Browser" library="HomePageResource">
<arg>${URL}</arg>
<arg>${driver}</arg>
<kw name="Open Browser" library="HomePageResource">
<arg>${URL}</arg>
<arg>${driver}</arg>
<kw name="Open Browser" library="HomePageResource">
<arg>${URL}</arg>
<arg>${driver}</arg>
<kw name="Open Browser" library="HomePageResource">
<arg>${URL}</arg>
<arg>${driver}</arg>
<kw name="Open Browser" library="HomePageResource">
<arg>${URL}</arg>
<arg>${driver}</arg>
<kw name="Open Browser" library="HomePageResource">
<arg>${URL}</arg>
<arg>${driver}</arg>
<kw name="Open Browser" library="HomePageResource">
<arg>${URL}</arg>
<arg>${driver}</arg>
<kw name="Open Browser" library="HomePageResource">
<arg>${URL}</arg>
<arg>${driver}</arg>
<kw name="Open Browser" library="HomePageResource">
<arg>${URL}</arg>
<arg>${driver}</arg>
<kw name="Open Browser" library="HomePageResource">
<arg>${URL}</arg>
<arg>${driver}</arg>
<kw name="Open Browser" library="HomePageResource">
<arg>${URL}</arg>
<arg>${driver}</arg>
<kw name="Open Browser" library="HomePageResource">
<arg>${URL}</arg>
<arg>${driver}</arg>
<kw name="Open Browser" library="HomePageResource">
<arg>${URL}</arg>
<arg>${driver}</arg>
<kw name="Open Browser" library="HomePageResource">
<arg>${URL}</arg>
<arg>${driver}</arg>
<kw name="Open Browser" library="HomePageResource">
<arg>${URL}</arg>
<arg>${driver}</arg>
<kw name="Open Browser" library="HomePageResource">
<arg>${URL}</arg>
<arg>${driver}</arg>
<kw name="Open Browser" library="HomePageResource">
<arg>${URL}</arg>
<arg>${driver}</arg>
<kw name="Open Browser" library="HomePageResource">
<arg>${URL}</arg>
<arg>${driver}</arg>
<kw name="Open Browser" library="HomePageResource">
<arg>${URL}</arg>
<arg>${driver}</arg>
<kw name="Open Browser" library="HomePageResource">
<arg>${URL}</arg>
<arg>${driver}</arg>
<kw name="Open Browser" library="HomePageResource">
<arg>${URL}</arg>
<arg>${driver}</arg>
<kw name="Open Browser" library="HomePageResource">
<arg>${URL}</arg>
<arg>${driver}</arg>
<kw name="Open Browser" library="HomePageResource">
<arg>${URL}</arg>
<arg>${driver}</arg>
<kw name="Open Browser" library="HomePageResource">
<arg>${URL}</arg>
<arg>${driver}</arg>
<kw name="Open Browser" library="HomePageResource">
<arg>${URL}</arg>
<arg>${driver}</arg>
<kw name="Open Browser" library="HomePageResource">
<arg>${URL}</arg>
<arg>${driver}</arg>
<kw name="Open Browser" library="HomePageResource">
<arg>${URL}</arg>
<arg>${driver}</arg>
<kw name="Open Browser" library="HomePageResource">
<arg>${URL}</arg>
<arg>${driver}</arg>
<kw name="Open Browser" library="HomePageResource">
<arg>${URL}</arg>
<arg>${driver}</arg>
<kw name="Open Browser" library="HomePageResource">
<arg>${URL}</arg>
<arg>${driver}</arg>
<kw name="Open Browser" library="HomePageResource">
<arg>${URL}</arg>
<arg>${driver}</arg>
<kw name="Open Browser" library="HomePageResource">
<arg>${URL}</arg>
<arg>${driver}</arg>
<kw name="Open Browser" library="HomePageResource">
<arg>${URL}</arg>
<arg>${driver}</arg>
<kw name="Open Browser" library="HomePageResource">
<arg>${URL}</arg>
<arg>${driver}</arg>
<kw name="Open Browser" library="HomePageResource">
<arg>${URL}</arg>
<arg>${driver}</arg>
<kw name="Open Browser" library="HomePageResource">
<arg>${URL}</arg>
<arg>${driver}</arg>
<kw name="Open Browser" library="HomePageResource">
<arg>${URL}</arg>
<arg>${driver}</arg>
<kw name="Open Browser" library="HomePageResource">
<arg>${URL}</arg>
<arg>${driver}</arg>
<kw name="Open Browser" library="HomePageResource">
<arg>${URL}</arg>
<arg>${driver}</arg>
<kw name="Open Browser" library="HomePageResource">
<arg>${URL}</arg>
<arg>${driver}</arg>
<kw name="Open Browser" library="HomePageResource">
<arg>${URL}</arg>
<arg>${driver}</arg>
<kw name="Open Browser" library="HomePageResource">
<arg>${URL}</arg>
<arg>${driver}</arg>
<kw name="Open Browser" library="HomePageResource">
<arg>${URL}</arg>
<arg>${driver}</arg>
<kw name="Open Browser" library="HomePageResource">
<arg>${URL}</arg>
<arg>${driver}</arg>
<kw name="Open Browser" library="HomePageResource">
<arg>${URL}</arg>
<arg>${driver}</arg>
<kw name="Open Browser" library="HomePageResource">
<arg>${URL}</arg>
<arg>${driver}</arg>
<kw name="Open Browser" library="HomePageResource">
<arg>${URL}</arg>
<arg>${driver}</arg>
<kw name="Open Browser" library="HomePageResource">
<arg>${URL}</arg>
<arg>${driver}</arg>
<kw name="Open Browser" library="HomePageResource">
<arg>${URL}</arg>
<arg>${driver}</arg>
<kw name="Open Browser" library="HomePageResource">
<arg>${URL}</arg>
<arg>${driver}</arg>
<kw name="Open Browser" library="HomePageResource">
<arg>${URL}</arg>
<arg>${driver}</arg>
<kw name="Open Browser" library="HomePageResource">
<arg>${URL}</arg>
<arg>${driver}</arg>
<kw name="Open Browser" library="HomePageResource">
<arg>${URL}</arg>
<arg>${driver}</arg>
<kw name="Open Browser" library="HomePageResource">
<arg>${URL}</arg>
<arg>${driver}</arg>
<kw name="Open Browser" library="HomePageResource">
<arg>${URL}</arg>
<arg>${driver}</arg>
<kw name="Open Browser" library="HomePageResource">
<arg>${URL}</arg>
<arg>${driver}</arg>
<kw name="Open Browser" library="HomePageResource">
<arg>${URL}</arg>
<arg>${driver}</arg>
<kw name="Open Browser" library="HomePageResource">
<arg>${URL}</arg>
<arg>${driver}</arg>
<kw name="Open Browser" library="HomePageResource">
<arg>${URL}</arg>
<arg>${driver}</arg>
<kw name="Open Browser" library="HomePageResource">
<arg>${URL}</arg>
<arg>${driver}</arg>
<kw name="Open Browser" library="HomePageResource">
<arg>${URL}</arg>
<arg>${driver}</arg>
<kw name="Open Browser" library="HomePageResource">
<arg>${URL}</arg>
<arg>${driver}</arg>
<kw name="Open Browser" library="HomePageResource">
<arg>${URL}</arg>
<arg>${driver}</arg>
<kw name="Open Browser" library="HomePageResource">
<arg>${URL}</arg>
<arg>${driver}</arg>
<kw name="Open Browser" library="HomePageResource">
<arg>${URL}</arg>
<arg>${driver}</arg>
<kw name="Open Browser" library="HomePageResource">
<arg>${URL}</arg>
<arg>${driver}</arg>
<kw name="Open Browser" library="HomePageResource">
<arg>${URL}</arg>
<arg>${driver}</arg>
<kw name="Open Browser" library="HomePageResource">
<arg>${URL}</arg>
<arg>${driver}</arg>
<kw name="Open Browser" library="HomePageResource">
<arg>${URL}</arg>
<arg>${driver}</arg>
<kw name="Open Browser" library="HomePageResource">
<arg>${URL}</arg>
<arg>${driver}</arg>
<kw name="Open Browser" library="HomePageResource">
<arg>${URL}</arg>
<arg>${driver}</arg>
<kw name="Open Browser" library="HomePageResource">
<arg>${URL}</arg>
<arg>${driver}</arg>
<kw name="Open Browser" library="HomePageResource">
<arg>${URL}</arg>
<arg>${driver}</arg>
<kw name="Open Browser" library="HomePageResource">
<arg>${URL}</arg>
<arg>${driver}</arg>
<kw name="Open Browser" library="HomePageResource">
<arg>${URL}</arg>
<arg>${driver}</arg>
<kw name="Open Browser" library="HomePageResource">
<arg>${URL}</arg>
<arg>${driver}</arg>
<kw name="Open Browser" library="HomePageResource">
<arg>${URL}</arg>
<arg>${driver}</arg>
<kw name="Open Browser" library="HomePageResource">
<arg>${URL}</arg>
<arg>${driver}</arg>
<kw name="Open Browser" library="HomePageResource">
<arg>${URL}</arg>
<arg>${driver}</arg>
<kw name="Open Browser" library="HomePageResource">
<arg>${URL}</arg>
<arg>${driver}</arg>
<kw name="Open Browser" library="HomePageResource">
<arg>${URL}</arg>
<arg>${driver}</arg>
<kw name="Open Browser" library="HomePageResource">
<arg>${URL}</arg>
<arg>${driver}</arg>
<msg timestamp="20230322 14:15:30.543" level="FAIL">Maximum limit of started keywords and control structures exceeded.</msg>
<status status="FAIL" starttime="20230322 14:15:30.543" endtime="20230322 14:15:30.543"/>
</kw>
<status status="FAIL" starttime="20230322 14:15:30.543" endtime="20230322 14:15:30.543"/>
</kw>
<status status="FAIL" starttime="20230322 14:15:30.543" endtime="20230322 14:15:30.543"/>
</kw>
<status status="FAIL" starttime="20230322 14:15:30.543" endtime="20230322 14:15:30.544"/>
</kw>
<status status="FAIL" starttime="20230322 14:15:30.543" endtime="20230322 14:15:30.544"/>
</kw>
<status status="FAIL" starttime="20230322 14:15:30.542" endtime="20230322 14:15:30.544"/>
</kw>
<status status="FAIL" starttime="20230322 14:15:30.542" endtime="20230322 14:15:30.544"/>
</kw>
<status status="FAIL" starttime="20230322 14:15:30.542" endtime="20230322 14:15:30.544"/>
</kw>
<status status="FAIL" starttime="20230322 14:15:30.542" endtime="20230322 14:15:30.544"/>
</kw>
<status status="FAIL" starttime="20230322 14:15:30.542" endtime="20230322 14:15:30.544"/>
</kw>
<status status="FAIL" starttime="20230322 14:15:30.542" endtime="20230322 14:15:30.544"/>
</kw>
<status status="FAIL" starttime="20230322 14:15:30.542" endtime="20230322 14:15:30.544"/>
</kw>
<status status="FAIL" starttime="20230322 14:15:30.542" endtime="20230322 14:15:30.544"/>
</kw>
<status status="FAIL" starttime="20230322 14:15:30.541" endtime="20230322 14:15:30.545"/>
</kw>
<status status="FAIL" starttime="20230322 14:15:30.541" endtime="20230322 14:15:30.545"/>
</kw>
<status status="FAIL" starttime="20230322 14:15:30.541" endtime="20230322 14:15:30.545"/>
</kw>
<status status="FAIL" starttime="20230322 14:15:30.541" endtime="20230322 14:15:30.545"/>
</kw>
<status status="FAIL" starttime="20230322 14:15:30.541" endtime="20230322 14:15:30.545"/>
</kw>
<status status="FAIL" starttime="20230322 14:15:30.541" endtime="20230322 14:15:30.545"/>
</kw>
<status status="FAIL" starttime="20230322 14:15:30.541" endtime="20230322 14:15:30.545"/>
</kw>
<status status="FAIL" starttime="20230322 14:15:30.540" endtime="20230322 14:15:30.545"/>
</kw>
<status status="FAIL" starttime="20230322 14:15:30.540" endtime="20230322 14:15:30.545"/>
</kw>
<status status="FAIL" starttime="20230322 14:15:30.540" endtime="20230322 14:15:30.545"/>
</kw>
<status status="FAIL" starttime="20230322 14:15:30.540" endtime="20230322 14:15:30.545"/>
</kw>
<status status="FAIL" starttime="20230322 14:15:30.540" endtime="20230322 14:15:30.546"/>
</kw>
<status status="FAIL" starttime="20230322 14:15:30.540" endtime="20230322 14:15:30.546"/>
</kw>
<status status="FAIL" starttime="20230322 14:15:30.540" endtime="20230322 14:15:30.546"/>
</kw>
<status status="FAIL" starttime="20230322 14:15:30.540" endtime="20230322 14:15:30.546"/>
</kw>
<status status="FAIL" starttime="20230322 14:15:30.539" endtime="20230322 14:15:30.546"/>
</kw>
<status status="FAIL" starttime="20230322 14:15:30.539" endtime="20230322 14:15:30.546"/>
</kw>
<status status="FAIL" starttime="20230322 14:15:30.539" endtime="20230322 14:15:30.546"/>
</kw>
<status status="FAIL" starttime="20230322 14:15:30.539" endtime="20230322 14:15:30.546"/>
</kw>
<status status="FAIL" starttime="20230322 14:15:30.539" endtime="20230322 14:15:30.546"/>
</kw>
<status status="FAIL" starttime="20230322 14:15:30.539" endtime="20230322 14:15:30.546"/>
</kw>
<status status="FAIL" starttime="20230322 14:15:30.539" endtime="20230322 14:15:30.546"/>
</kw>
<status status="FAIL" starttime="20230322 14:15:30.539" endtime="20230322 14:15:30.546"/>
</kw>
<status status="FAIL" starttime="20230322 14:15:30.538" endtime="20230322 14:15:30.547"/>
</kw>
<status status="FAIL" starttime="20230322 14:15:30.538" endtime="20230322 14:15:30.547"/>
</kw>
<status status="FAIL" starttime="20230322 14:15:30.538" endtime="20230322 14:15:30.547"/>
</kw>
<status status="FAIL" starttime="20230322 14:15:30.538" endtime="20230322 14:15:30.547"/>
</kw>
<status status="FAIL" starttime="20230322 14:15:30.538" endtime="20230322 14:15:30.547"/>
</kw>
<status status="FAIL" starttime="20230322 14:15:30.538" endtime="20230322 14:15:30.547"/>
</kw>
<status status="FAIL" starttime="20230322 14:15:30.538" endtime="20230322 14:15:30.547"/>
</kw>
<status status="FAIL" starttime="20230322 14:15:30.538" endtime="20230322 14:15:30.547"/>
</kw>
<status status="FAIL" starttime="20230322 14:15:30.538" endtime="20230322 14:15:30.547"/>
</kw>
<status status="FAIL" starttime="20230322 14:15:30.537" endtime="20230322 14:15:30.547"/>
</kw>
<status status="FAIL" starttime="20230322 14:15:30.537" endtime="20230322 14:15:30.547"/>
</kw>
<status status="FAIL" starttime="20230322 14:15:30.537" endtime="20230322 14:15:30.547"/>
</kw>
<status status="FAIL" starttime="20230322 14:15:30.537" endtime="20230322 14:15:30.547"/>
</kw>
<status status="FAIL" starttime="20230322 14:15:30.537" endtime="20230322 14:15:30.548"/>
</kw>
<status status="FAIL" starttime="20230322 14:15:30.537" endtime="20230322 14:15:30.548"/>
</kw>
<status status="FAIL" starttime="20230322 14:15:30.537" endtime="20230322 14:15:30.548"/>
</kw>
<status status="FAIL" starttime="20230322 14:15:30.537" endtime="20230322 14:15:30.548"/>
</kw>
<status status="FAIL" starttime="20230322 14:15:30.536" endtime="20230322 14:15:30.548"/>
</kw>
<status status="FAIL" starttime="20230322 14:15:30.536" endtime="20230322 14:15:30.548"/>
</kw>
<status status="FAIL" starttime="20230322 14:15:30.536" endtime="20230322 14:15:30.548"/>
</kw>
<status status="FAIL" starttime="20230322 14:15:30.536" endtime="20230322 14:15:30.548"/>
</kw>
<status status="FAIL" starttime="20230322 14:15:30.536" endtime="20230322 14:15:30.548"/>
</kw>
<status status="FAIL" starttime="20230322 14:15:30.536" endtime="20230322 14:15:30.548"/>
</kw>
<status status="FAIL" starttime="20230322 14:15:30.536" endtime="20230322 14:15:30.548"/>
</kw>
<status status="FAIL" starttime="20230322 14:15:30.536" endtime="20230322 14:15:30.548"/>
</kw>
<status status="FAIL" starttime="20230322 14:15:30.536" endtime="20230322 14:15:30.548"/>
</kw>
<status status="FAIL" starttime="20230322 14:15:30.535" endtime="20230322 14:15:30.548"/>
</kw>
<status status="FAIL" starttime="20230322 14:15:30.535" endtime="20230322 14:15:30.548"/>
</kw>
<status status="FAIL" starttime="20230322 14:15:30.535" endtime="20230322 14:15:30.549"/>
</kw>
<status status="FAIL" starttime="20230322 14:15:30.535" endtime="20230322 14:15:30.549"/>
</kw>
<status status="FAIL" starttime="20230322 14:15:30.535" endtime="20230322 14:15:30.549"/>
</kw>
<status status="FAIL" starttime="20230322 14:15:30.535" endtime="20230322 14:15:30.549"/>
</kw>
<status status="FAIL" starttime="20230322 14:15:30.535" endtime="20230322 14:15:30.549"/>
</kw>
<status status="FAIL" starttime="20230322 14:15:30.535" endtime="20230322 14:15:30.549"/>
</kw>
<status status="FAIL" starttime="20230322 14:15:30.534" endtime="20230322 14:15:30.549"/>
</kw>
<status status="FAIL" starttime="20230322 14:15:30.534" endtime="20230322 14:15:30.549"/>
</kw>
<status status="FAIL" starttime="20230322 14:15:30.534" endtime="20230322 14:15:30.549"/>
</kw>
<status status="FAIL" starttime="20230322 14:15:30.534" endtime="20230322 14:15:30.549"/>
</kw>
<status status="FAIL" starttime="20230322 14:15:30.534" endtime="20230322 14:15:30.549"/>
</kw>
<status status="FAIL" starttime="20230322 14:15:30.534" endtime="20230322 14:15:30.549"/>
</kw>
<status status="FAIL" starttime="20230322 14:15:30.534" endtime="20230322 14:15:30.549"/>
</kw>
<status status="FAIL" starttime="20230322 14:15:30.534" endtime="20230322 14:15:30.549"/>
</kw>
<status status="FAIL" starttime="20230322 14:15:30.533" endtime="20230322 14:15:30.549"/>
</kw>
<status status="FAIL" starttime="20230322 14:15:30.533" endtime="20230322 14:15:30.549"/>
</kw>
<status status="FAIL" starttime="20230322 14:15:30.533" endtime="20230322 14:15:30.549"/>
</kw>
<status status="FAIL" starttime="20230322 14:15:30.533" endtime="20230322 14:15:30.550"/>
</kw>
<status status="FAIL" starttime="20230322 14:15:30.533" endtime="20230322 14:15:30.550"/>
</kw>
<status status="FAIL" starttime="20230322 14:15:30.533" endtime="20230322 14:15:30.550"/>
</kw>
<status status="FAIL" starttime="20230322 14:15:30.533" endtime="20230322 14:15:30.550"/>
</kw>
<status status="FAIL" starttime="20230322 14:15:30.533" endtime="20230322 14:15:30.550"/>
</kw>
<status status="FAIL" starttime="20230322 14:15:30.532" endtime="20230322 14:15:30.550"/>
</kw>
<status status="FAIL" starttime="20230322 14:15:30.532" endtime="20230322 14:15:30.550"/>
</kw>
<status status="FAIL" starttime="20230322 14:15:30.532" endtime="20230322 14:15:30.550"/>
</kw>
<status status="FAIL" starttime="20230322 14:15:30.532" endtime="20230322 14:15:30.550"/>
</kw>
<status status="FAIL" starttime="20230322 14:15:30.532" endtime="20230322 14:15:30.550"/>
</kw>
<status status="FAIL" starttime="20230322 14:15:30.532" endtime="20230322 14:15:30.550"/>
</kw>
<status status="FAIL" starttime="20230322 14:15:30.531" endtime="20230322 14:15:30.550"/>
</kw>
<status status="FAIL" starttime="20230322 14:15:30.531" endtime="20230322 14:15:30.550"/>
</kw>
<status status="FAIL" starttime="20230322 14:15:30.531" endtime="20230322 14:15:30.550"/>
</kw>
<status status="FAIL" starttime="20230322 14:15:30.531" endtime="20230322 14:15:30.550"/>
</kw>
<status status="FAIL" starttime="20230322 14:15:30.531" endtime="20230322 14:15:30.550"/>
</kw>
<status status="FAIL" starttime="20230322 14:15:30.531" endtime="20230322 14:15:30.550"/>
</kw>
<status status="FAIL" starttime="20230322 14:15:30.531" endtime="20230322 14:15:30.550"/>
</kw>
<status status="FAIL" starttime="20230322 14:15:30.530" endtime="20230322 14:15:30.550"/>
</kw>
<status status="FAIL" starttime="20230322 14:15:30.530" endtime="20230322 14:15:30.551">Maximum limit of started keywords and control structures exceeded.</status>
</test>
<status status="FAIL" starttime="20230322 14:15:30.446" endtime="20230322 14:15:30.551"/>
</suite>
<statistics>
<total>
<stat pass="0" fail="1" skip="0">All Tests</stat>
</total>
<tag>
</tag>
<suite>
<stat pass="0" fail="1" skip="0" id="s1" name="HomePageTest">HomePageTest</stat>
</suite>
</statistics>
<errors>
</errors>
</robot>
